Start testing: Feb 07 17:21 CET
----------------------------------------------------------
1/1 Testing: ansi_text_attribute_test
1/1 Test: ansi_text_attribute_test
Command: "/home/jmsma/src/GrapeNLP/grapenlp-core/build/release/test_bin/ansi_text_attribute_test"
Directory: /home/jmsma/src/GrapeNLP/grapenlp-core/build/release/src/util
"ansi_text_attribute_test" start time: Feb 07 17:21 CET
Output:
----------------------------------------------------------
[==========] Running 1 test from 1 test suite.
[----------] Global test environment set-up.
[----------] 1 test from ansi_text_attribute_test
[ RUN      ] ansi_text_attribute_test.terminal_interprets_ansi_formatting_characters
[0m[40m[30mdefault black foreground in black background[0m
[0m[40m[31mdefault red foreground in black background[0m
[0m[40m[32mdefault green foreground in black background[0m
[0m[40m[33mdefault yellow foreground in black background[0m
[0m[40m[34mdefault blue foreground in black background[0m
[0m[40m[35mdefault magenta foreground in black background[0m
[0m[40m[36mdefault cyan foreground in black background[0m
[0m[40m[37mdefault white foreground in black background[0m
[0m[40m[90mdefault bright black foreground in black background[0m
[0m[40m[91mdefault bright red foreground in black background[0m
[0m[40m[92mdefault bright green foreground in black background[0m
[0m[40m[93mdefault bright yellow foreground in black background[0m
[0m[40m[94mdefault bright blue foreground in black background[0m
[0m[40m[95mdefault bright magenta foreground in black background[0m
[0m[40m[96mdefault bright cyan foreground in black background[0m
[0m[40m[97mdefault bright white foreground in black background[0m
[0m[41m[30mdefault black foreground in red background[0m
[0m[41m[31mdefault red foreground in red background[0m
[0m[41m[32mdefault green foreground in red background[0m
[0m[41m[33mdefault yellow foreground in red background[0m
[0m[41m[34mdefault blue foreground in red background[0m
[0m[41m[35mdefault magenta foreground in red background[0m
[0m[41m[36mdefault cyan foreground in red background[0m
[0m[41m[37mdefault white foreground in red background[0m
[0m[41m[90mdefault bright black foreground in red background[0m
[0m[41m[91mdefault bright red foreground in red background[0m
[0m[41m[92mdefault bright green foreground in red background[0m
[0m[41m[93mdefault bright yellow foreground in red background[0m
[0m[41m[94mdefault bright blue foreground in red background[0m
[0m[41m[95mdefault bright magenta foreground in red background[0m
[0m[41m[96mdefault bright cyan foreground in red background[0m
[0m[41m[97mdefault bright white foreground in red background[0m
[0m[42m[30mdefault black foreground in green background[0m
[0m[42m[31mdefault red foreground in green background[0m
[0m[42m[32mdefault green foreground in green background[0m
[0m[42m[33mdefault yellow foreground in green background[0m
[0m[42m[34mdefault blue foreground in green background[0m
[0m[42m[35mdefault magenta foreground in green background[0m
[0m[42m[36mdefault cyan foreground in green background[0m
[0m[42m[37mdefault white foreground in green background[0m
[0m[42m[90mdefault bright black foreground in green background[0m
[0m[42m[91mdefault bright red foreground in green background[0m
[0m[42m[92mdefault bright green foreground in green background[0m
[0m[42m[93mdefault bright yellow foreground in green background[0m
[0m[42m[94mdefault bright blue foreground in green background[0m
[0m[42m[95mdefault bright magenta foreground in green background[0m
[0m[42m[96mdefault bright cyan foreground in green background[0m
[0m[42m[97mdefault bright white foreground in green background[0m
[0m[43m[30mdefault black foreground in yellow background[0m
[0m[43m[31mdefault red foreground in yellow background[0m
[0m[43m[32mdefault green foreground in yellow background[0m
[0m[43m[33mdefault yellow foreground in yellow background[0m
[0m[43m[34mdefault blue foreground in yellow background[0m
[0m[43m[35mdefault magenta foreground in yellow background[0m
[0m[43m[36mdefault cyan foreground in yellow background[0m
[0m[43m[37mdefault white foreground in yellow background[0m
[0m[43m[90mdefault bright black foreground in yellow background[0m
[0m[43m[91mdefault bright red foreground in yellow background[0m
[0m[43m[92mdefault bright green foreground in yellow background[0m
[0m[43m[93mdefault bright yellow foreground in yellow background[0m
[0m[43m[94mdefault bright blue foreground in yellow background[0m
[0m[43m[95mdefault bright magenta foreground in yellow background[0m
[0m[43m[96mdefault bright cyan foreground in yellow background[0m
[0m[43m[97mdefault bright white foreground in yellow background[0m
[0m[44m[30mdefault black foreground in blue background[0m
[0m[44m[31mdefault red foreground in blue background[0m
[0m[44m[32mdefault green foreground in blue background[0m
[0m[44m[33mdefault yellow foreground in blue background[0m
[0m[44m[34mdefault blue foreground in blue background[0m
[0m[44m[35mdefault magenta foreground in blue background[0m
[0m[44m[36mdefault cyan foreground in blue background[0m
[0m[44m[37mdefault white foreground in blue background[0m
[0m[44m[90mdefault bright black foreground in blue background[0m
[0m[44m[91mdefault bright red foreground in blue background[0m
[0m[44m[92mdefault bright green foreground in blue background[0m
[0m[44m[93mdefault bright yellow foreground in blue background[0m
[0m[44m[94mdefault bright blue foreground in blue background[0m
[0m[44m[95mdefault bright magenta foreground in blue background[0m
[0m[44m[96mdefault bright cyan foreground in blue background[0m
[0m[44m[97mdefault bright white foreground in blue background[0m
[0m[45m[30mdefault black foreground in magenta background[0m
[0m[45m[31mdefault red foreground in magenta background[0m
[0m[45m[32mdefault green foreground in magenta background[0m
[0m[45m[33mdefault yellow foreground in magenta background[0m
[0m[45m[34mdefault blue foreground in magenta background[0m
[0m[45m[35mdefault magenta foreground in magenta background[0m
[0m[45m[36mdefault cyan foreground in magenta background[0m
[0m[45m[37mdefault white foreground in magenta background[0m
[0m[45m[90mdefault bright black foreground in magenta background[0m
[0m[45m[91mdefault bright red foreground in magenta background[0m
[0m[45m[92mdefault bright green foreground in magenta background[0m
[0m[45m[93mdefault bright yellow foreground in magenta background[0m
[0m[45m[94mdefault bright blue foreground in magenta background[0m
[0m[45m[95mdefault bright magenta foreground in magenta background[0m
[0m[45m[96mdefault bright cyan foreground in magenta background[0m
[0m[45m[97mdefault bright white foreground in magenta background[0m
[0m[46m[30mdefault black foreground in cyan background[0m
[0m[46m[31mdefault red foreground in cyan background[0m
[0m[46m[32mdefault green foreground in cyan background[0m
[0m[46m[33mdefault yellow foreground in cyan background[0m
[0m[46m[34mdefault blue foreground in cyan background[0m
[0m[46m[35mdefault magenta foreground in cyan background[0m
[0m[46m[36mdefault cyan foreground in cyan background[0m
[0m[46m[37mdefault white foreground in cyan background[0m
[0m[46m[90mdefault bright black foreground in cyan background[0m
[0m[46m[91mdefault bright red foreground in cyan background[0m
[0m[46m[92mdefault bright green foreground in cyan background[0m
[0m[46m[93mdefault bright yellow foreground in cyan background[0m
[0m[46m[94mdefault bright blue foreground in cyan background[0m
[0m[46m[95mdefault bright magenta foreground in cyan background[0m
[0m[46m[96mdefault bright cyan foreground in cyan background[0m
[0m[46m[97mdefault bright white foreground in cyan background[0m
[0m[47m[30mdefault black foreground in white background[0m
[0m[47m[31mdefault red foreground in white background[0m
[0m[47m[32mdefault green foreground in white background[0m
[0m[47m[33mdefault yellow foreground in white background[0m
[0m[47m[34mdefault blue foreground in white background[0m
[0m[47m[35mdefault magenta foreground in white background[0m
[0m[47m[36mdefault cyan foreground in white background[0m
[0m[47m[37mdefault white foreground in white background[0m
[0m[47m[90mdefault bright black foreground in white background[0m
[0m[47m[91mdefault bright red foreground in white background[0m
[0m[47m[92mdefault bright green foreground in white background[0m
[0m[47m[93mdefault bright yellow foreground in white background[0m
[0m[47m[94mdefault bright blue foreground in white background[0m
[0m[47m[95mdefault bright magenta foreground in white background[0m
[0m[47m[96mdefault bright cyan foreground in white background[0m
[0m[47m[97mdefault bright white foreground in white background[0m
[0m[100m[30mdefault black foreground in bright black background[0m
[0m[100m[31mdefault red foreground in bright black background[0m
[0m[100m[32mdefault green foreground in bright black background[0m
[0m[100m[33mdefault yellow foreground in bright black background[0m
[0m[100m[34mdefault blue foreground in bright black background[0m
[0m[100m[35mdefault magenta foreground in bright black background[0m
[0m[100m[36mdefault cyan foreground in bright black background[0m
[0m[100m[37mdefault white foreground in bright black background[0m
[0m[100m[90mdefault bright black foreground in bright black background[0m
[0m[100m[91mdefault bright red foreground in bright black background[0m
[0m[100m[92mdefault bright green foreground in bright black background[0m
[0m[100m[93mdefault bright yellow foreground in bright black background[0m
[0m[100m[94mdefault bright blue foreground in bright black background[0m
[0m[100m[95mdefault bright magenta foreground in bright black background[0m
[0m[100m[96mdefault bright cyan foreground in bright black background[0m
[0m[100m[97mdefault bright white foreground in bright black background[0m
[0m[101m[30mdefault black foreground in bright red background[0m
[0m[101m[31mdefault red foreground in bright red background[0m
[0m[101m[32mdefault green foreground in bright red background[0m
[0m[101m[33mdefault yellow foreground in bright red background[0m
[0m[101m[34mdefault blue foreground in bright red background[0m
[0m[101m[35mdefault magenta foreground in bright red background[0m
[0m[101m[36mdefault cyan foreground in bright red background[0m
[0m[101m[37mdefault white foreground in bright red background[0m
[0m[101m[90mdefault bright black foreground in bright red background[0m
[0m[101m[91mdefault bright red foreground in bright red background[0m
[0m[101m[92mdefault bright green foreground in bright red background[0m
[0m[101m[93mdefault bright yellow foreground in bright red background[0m
[0m[101m[94mdefault bright blue foreground in bright red background[0m
[0m[101m[95mdefault bright magenta foreground in bright red background[0m
[0m[101m[96mdefault bright cyan foreground in bright red background[0m
[0m[101m[97mdefault bright white foreground in bright red background[0m
[0m[102m[30mdefault black foreground in bright green background[0m
[0m[102m[31mdefault red foreground in bright green background[0m
[0m[102m[32mdefault green foreground in bright green background[0m
[0m[102m[33mdefault yellow foreground in bright green background[0m
[0m[102m[34mdefault blue foreground in bright green background[0m
[0m[102m[35mdefault magenta foreground in bright green background[0m
[0m[102m[36mdefault cyan foreground in bright green background[0m
[0m[102m[37mdefault white foreground in bright green background[0m
[0m[102m[90mdefault bright black foreground in bright green background[0m
[0m[102m[91mdefault bright red foreground in bright green background[0m
[0m[102m[92mdefault bright green foreground in bright green background[0m
[0m[102m[93mdefault bright yellow foreground in bright green background[0m
[0m[102m[94mdefault bright blue foreground in bright green background[0m
[0m[102m[95mdefault bright magenta foreground in bright green background[0m
[0m[102m[96mdefault bright cyan foreground in bright green background[0m
[0m[102m[97mdefault bright white foreground in bright green background[0m
[0m[103m[30mdefault black foreground in bright yellow background[0m
[0m[103m[31mdefault red foreground in bright yellow background[0m
[0m[103m[32mdefault green foreground in bright yellow background[0m
[0m[103m[33mdefault yellow foreground in bright yellow background[0m
[0m[103m[34mdefault blue foreground in bright yellow background[0m
[0m[103m[35mdefault magenta foreground in bright yellow background[0m
[0m[103m[36mdefault cyan foreground in bright yellow background[0m
[0m[103m[37mdefault white foreground in bright yellow background[0m
[0m[103m[90mdefault bright black foreground in bright yellow background[0m
[0m[103m[91mdefault bright red foreground in bright yellow background[0m
[0m[103m[92mdefault bright green foreground in bright yellow background[0m
[0m[103m[93mdefault bright yellow foreground in bright yellow background[0m
[0m[103m[94mdefault bright blue foreground in bright yellow background[0m
[0m[103m[95mdefault bright magenta foreground in bright yellow background[0m
[0m[103m[96mdefault bright cyan foreground in bright yellow background[0m
[0m[103m[97mdefault bright white foreground in bright yellow background[0m
[0m[104m[30mdefault black foreground in bright blue background[0m
[0m[104m[31mdefault red foreground in bright blue background[0m
[0m[104m[32mdefault green foreground in bright blue background[0m
[0m[104m[33mdefault yellow foreground in bright blue background[0m
[0m[104m[34mdefault blue foreground in bright blue background[0m
[0m[104m[35mdefault magenta foreground in bright blue background[0m
[0m[104m[36mdefault cyan foreground in bright blue background[0m
[0m[104m[37mdefault white foreground in bright blue background[0m
[0m[104m[90mdefault bright black foreground in bright blue background[0m
[0m[104m[91mdefault bright red foreground in bright blue background[0m
[0m[104m[92mdefault bright green foreground in bright blue background[0m
[0m[104m[93mdefault bright yellow foreground in bright blue background[0m
[0m[104m[94mdefault bright blue foreground in bright blue background[0m
[0m[104m[95mdefault bright magenta foreground in bright blue background[0m
[0m[104m[96mdefault bright cyan foreground in bright blue background[0m
[0m[104m[97mdefault bright white foreground in bright blue background[0m
[0m[105m[30mdefault black foreground in bright magenta background[0m
[0m[105m[31mdefault red foreground in bright magenta background[0m
[0m[105m[32mdefault green foreground in bright magenta background[0m
[0m[105m[33mdefault yellow foreground in bright magenta background[0m
[0m[105m[34mdefault blue foreground in bright magenta background[0m
[0m[105m[35mdefault magenta foreground in bright magenta background[0m
[0m[105m[36mdefault cyan foreground in bright magenta background[0m
[0m[105m[37mdefault white foreground in bright magenta background[0m
[0m[105m[90mdefault bright black foreground in bright magenta background[0m
[0m[105m[91mdefault bright red foreground in bright magenta background[0m
[0m[105m[92mdefault bright green foreground in bright magenta background[0m
[0m[105m[93mdefault bright yellow foreground in bright magenta background[0m
[0m[105m[94mdefault bright blue foreground in bright magenta background[0m
[0m[105m[95mdefault bright magenta foreground in bright magenta background[0m
[0m[105m[96mdefault bright cyan foreground in bright magenta background[0m
[0m[105m[97mdefault bright white foreground in bright magenta background[0m
[0m[106m[30mdefault black foreground in bright cyan background[0m
[0m[106m[31mdefault red foreground in bright cyan background[0m
[0m[106m[32mdefault green foreground in bright cyan background[0m
[0m[106m[33mdefault yellow foreground in bright cyan background[0m
[0m[106m[34mdefault blue foreground in bright cyan background[0m
[0m[106m[35mdefault magenta foreground in bright cyan background[0m
[0m[106m[36mdefault cyan foreground in bright cyan background[0m
[0m[106m[37mdefault white foreground in bright cyan background[0m
[0m[106m[90mdefault bright black foreground in bright cyan background[0m
[0m[106m[91mdefault bright red foreground in bright cyan background[0m
[0m[106m[92mdefault bright green foreground in bright cyan background[0m
[0m[106m[93mdefault bright yellow foreground in bright cyan background[0m
[0m[106m[94mdefault bright blue foreground in bright cyan background[0m
[0m[106m[95mdefault bright magenta foreground in bright cyan background[0m
[0m[106m[96mdefault bright cyan foreground in bright cyan background[0m
[0m[106m[97mdefault bright white foreground in bright cyan background[0m
[0m[107m[30mdefault black foreground in bright white background[0m
[0m[107m[31mdefault red foreground in bright white background[0m
[0m[107m[32mdefault green foreground in bright white background[0m
[0m[107m[33mdefault yellow foreground in bright white background[0m
[0m[107m[34mdefault blue foreground in bright white background[0m
[0m[107m[35mdefault magenta foreground in bright white background[0m
[0m[107m[36mdefault cyan foreground in bright white background[0m
[0m[107m[37mdefault white foreground in bright white background[0m
[0m[107m[90mdefault bright black foreground in bright white background[0m
[0m[107m[91mdefault bright red foreground in bright white background[0m
[0m[107m[92mdefault bright green foreground in bright white background[0m
[0m[107m[93mdefault bright yellow foreground in bright white background[0m
[0m[107m[94mdefault bright blue foreground in bright white background[0m
[0m[107m[95mdefault bright magenta foreground in bright white background[0m
[0m[107m[96mdefault bright cyan foreground in bright white background[0m
[0m[107m[97mdefault bright white foreground in bright white background[0m
[1m[40m[30mbold black foreground in black background[0m
[1m[40m[31mbold red foreground in black background[0m
[1m[40m[32mbold green foreground in black background[0m
[1m[40m[33mbold yellow foreground in black background[0m
[1m[40m[34mbold blue foreground in black background[0m
[1m[40m[35mbold magenta foreground in black background[0m
[1m[40m[36mbold cyan foreground in black background[0m
[1m[40m[37mbold white foreground in black background[0m
[1m[40m[90mbold bright black foreground in black background[0m
[1m[40m[91mbold bright red foreground in black background[0m
[1m[40m[92mbold bright green foreground in black background[0m
[1m[40m[93mbold bright yellow foreground in black background[0m
[1m[40m[94mbold bright blue foreground in black background[0m
[1m[40m[95mbold bright magenta foreground in black background[0m
[1m[40m[96mbold bright cyan foreground in black background[0m
[1m[40m[97mbold bright white foreground in black background[0m
[1m[41m[30mbold black foreground in red background[0m
[1m[41m[31mbold red foreground in red background[0m
[1m[41m[32mbold green foreground in red background[0m
[1m[41m[33mbold yellow foreground in red background[0m
[1m[41m[34mbold blue foreground in red background[0m
[1m[41m[35mbold magenta foreground in red background[0m
[1m[41m[36mbold cyan foreground in red background[0m
[1m[41m[37mbold white foreground in red background[0m
[1m[41m[90mbold bright black foreground in red background[0m
[1m[41m[91mbold bright red foreground in red background[0m
[1m[41m[92mbold bright green foreground in red background[0m
[1m[41m[93mbold bright yellow foreground in red background[0m
[1m[41m[94mbold bright blue foreground in red background[0m
[1m[41m[95mbold bright magenta foreground in red background[0m
[1m[41m[96mbold bright cyan foreground in red background[0m
[1m[41m[97mbold bright white foreground in red background[0m
[1m[42m[30mbold black foreground in green background[0m
[1m[42m[31mbold red foreground in green background[0m
[1m[42m[32mbold green foreground in green background[0m
[1m[42m[33mbold yellow foreground in green background[0m
[1m[42m[34mbold blue foreground in green background[0m
[1m[42m[35mbold magenta foreground in green background[0m
[1m[42m[36mbold cyan foreground in green background[0m
[1m[42m[37mbold white foreground in green background[0m
[1m[42m[90mbold bright black foreground in green background[0m
[1m[42m[91mbold bright red foreground in green background[0m
[1m[42m[92mbold bright green foreground in green background[0m
[1m[42m[93mbold bright yellow foreground in green background[0m
[1m[42m[94mbold bright blue foreground in green background[0m
[1m[42m[95mbold bright magenta foreground in green background[0m
[1m[42m[96mbold bright cyan foreground in green background[0m
[1m[42m[97mbold bright white foreground in green background[0m
[1m[43m[30mbold black foreground in yellow background[0m
[1m[43m[31mbold red foreground in yellow background[0m
[1m[43m[32mbold green foreground in yellow background[0m
[1m[43m[33mbold yellow foreground in yellow background[0m
[1m[43m[34mbold blue foreground in yellow background[0m
[1m[43m[35mbold magenta foreground in yellow background[0m
[1m[43m[36mbold cyan foreground in yellow background[0m
[1m[43m[37mbold white foreground in yellow background[0m
[1m[43m[90mbold bright black foreground in yellow background[0m
[1m[43m[91mbold bright red foreground in yellow background[0m
[1m[43m[92mbold bright green foreground in yellow background[0m
[1m[43m[93mbold bright yellow foreground in yellow background[0m
[1m[43m[94mbold bright blue foreground in yellow background[0m
[1m[43m[95mbold bright magenta foreground in yellow background[0m
[1m[43m[96mbold bright cyan foreground in yellow background[0m
[1m[43m[97mbold bright white foreground in yellow background[0m
[1m[44m[30mbold black foreground in blue background[0m
[1m[44m[31mbold red foreground in blue background[0m
[1m[44m[32mbold green foreground in blue background[0m
[1m[44m[33mbold yellow foreground in blue background[0m
[1m[44m[34mbold blue foreground in blue background[0m
[1m[44m[35mbold magenta foreground in blue background[0m
[1m[44m[36mbold cyan foreground in blue background[0m
[1m[44m[37mbold white foreground in blue background[0m
[1m[44m[90mbold bright black foreground in blue background[0m
[1m[44m[91mbold bright red foreground in blue background[0m
[1m[44m[92mbold bright green foreground in blue background[0m
[1m[44m[93mbold bright yellow foreground in blue background[0m
[1m[44m[94mbold bright blue foreground in blue background[0m
[1m[44m[95mbold bright magenta foreground in blue background[0m
[1m[44m[96mbold bright cyan foreground in blue background[0m
[1m[44m[97mbold bright white foreground in blue background[0m
[1m[45m[30mbold black foreground in magenta background[0m
[1m[45m[31mbold red foreground in magenta background[0m
[1m[45m[32mbold green foreground in magenta background[0m
[1m[45m[33mbold yellow foreground in magenta background[0m
[1m[45m[34mbold blue foreground in magenta background[0m
[1m[45m[35mbold magenta foreground in magenta background[0m
[1m[45m[36mbold cyan foreground in magenta background[0m
[1m[45m[37mbold white foreground in magenta background[0m
[1m[45m[90mbold bright black foreground in magenta background[0m
[1m[45m[91mbold bright red foreground in magenta background[0m
[1m[45m[92mbold bright green foreground in magenta background[0m
[1m[45m[93mbold bright yellow foreground in magenta background[0m
[1m[45m[94mbold bright blue foreground in magenta background[0m
[1m[45m[95mbold bright magenta foreground in magenta background[0m
[1m[45m[96mbold bright cyan foreground in magenta background[0m
[1m[45m[97mbold bright white foreground in magenta background[0m
[1m[46m[30mbold black foreground in cyan background[0m
[1m[46m[31mbold red foreground in cyan background[0m
[1m[46m[32mbold green foreground in cyan background[0m
[1m[46m[33mbold yellow foreground in cyan background[0m
[1m[46m[34mbold blue foreground in cyan background[0m
[1m[46m[35mbold magenta foreground in cyan background[0m
[1m[46m[36mbold cyan foreground in cyan background[0m
[1m[46m[37mbold white foreground in cyan background[0m
[1m[46m[90mbold bright black foreground in cyan background[0m
[1m[46m[91mbold bright red foreground in cyan background[0m
[1m[46m[92mbold bright green foreground in cyan background[0m
[1m[46m[93mbold bright yellow foreground in cyan background[0m
[1m[46m[94mbold bright blue foreground in cyan background[0m
[1m[46m[95mbold bright magenta foreground in cyan background[0m
[1m[46m[96mbold bright cyan foreground in cyan background[0m
[1m[46m[97mbold bright white foreground in cyan background[0m
[1m[47m[30mbold black foreground in white background[0m
[1m[47m[31mbold red foreground in white background[0m
[1m[47m[32mbold green foreground in white background[0m
[1m[47m[33mbold yellow foreground in white background[0m
[1m[47m[34mbold blue foreground in white background[0m
[1m[47m[35mbold magenta foreground in white background[0m
[1m[47m[36mbold cyan foreground in white background[0m
[1m[47m[37mbold white foreground in white background[0m
[1m[47m[90mbold bright black foreground in white background[0m
[1m[47m[91mbold bright red foreground in white background[0m
[1m[47m[92mbold bright green foreground in white background[0m
[1m[47m[93mbold bright yellow foreground in white background[0m
[1m[47m[94mbold bright blue foreground in white background[0m
[1m[47m[95mbold bright magenta foreground in white background[0m
[1m[47m[96mbold bright cyan foreground in white background[0m
[1m[47m[97mbold bright white foreground in white background[0m
[1m[100m[30mbold black foreground in bright black background[0m
[1m[100m[31mbold red foreground in bright black background[0m
[1m[100m[32mbold green foreground in bright black background[0m
[1m[100m[33mbold yellow foreground in bright black background[0m
[1m[100m[34mbold blue foreground in bright black background[0m
[1m[100m[35mbold magenta foreground in bright black background[0m
[1m[100m[36mbold cyan foreground in bright black background[0m
[1m[100m[37mbold white foreground in bright black background[0m
[1m[100m[90mbold bright black foreground in bright black background[0m
[1m[100m[91mbold bright red foreground in bright black background[0m
[1m[100m[92mbold bright green foreground in bright black background[0m
[1m[100m[93mbold bright yellow foreground in bright black background[0m
[1m[100m[94mbold bright blue foreground in bright black background[0m
[1m[100m[95mbold bright magenta foreground in bright black background[0m
[1m[100m[96mbold bright cyan foreground in bright black background[0m
[1m[100m[97mbold bright white foreground in bright black background[0m
[1m[101m[30mbold black foreground in bright red background[0m
[1m[101m[31mbold red foreground in bright red background[0m
[1m[101m[32mbold green foreground in bright red background[0m
[1m[101m[33mbold yellow foreground in bright red background[0m
[1m[101m[34mbold blue foreground in bright red background[0m
[1m[101m[35mbold magenta foreground in bright red background[0m
[1m[101m[36mbold cyan foreground in bright red background[0m
[1m[101m[37mbold white foreground in bright red background[0m
[1m[101m[90mbold bright black foreground in bright red background[0m
[1m[101m[91mbold bright red foreground in bright red background[0m
[1m[101m[92mbold bright green foreground in bright red background[0m
[1m[101m[93mbold bright yellow foreground in bright red background[0m
[1m[101m[94mbold bright blue foreground in bright red background[0m
[1m[101m[95mbold bright magenta foreground in bright red background[0m
[1m[101m[96mbold bright cyan foreground in bright red background[0m
[1m[101m[97mbold bright white foreground in bright red background[0m
[1m[102m[30mbold black foreground in bright green background[0m
[1m[102m[31mbold red foreground in bright green background[0m
[1m[102m[32mbold green foreground in bright green background[0m
[1m[102m[33mbold yellow foreground in bright green background[0m
[1m[102m[34mbold blue foreground in bright green background[0m
[1m[102m[35mbold magenta foreground in bright green background[0m
[1m[102m[36mbold cyan foreground in bright green background[0m
[1m[102m[37mbold white foreground in bright green background[0m
[1m[102m[90mbold bright black foreground in bright green background[0m
[1m[102m[91mbold bright red foreground in bright green background[0m
[1m[102m[92mbold bright green foreground in bright green background[0m
[1m[102m[93mbold bright yellow foreground in bright green background[0m
[1m[102m[94mbold bright blue foreground in bright green background[0m
[1m[102m[95mbold bright magenta foreground in bright green background[0m
[1m[102m[96mbold bright cyan foreground in bright green background[0m
[1m[102m[97mbold bright white foreground in bright green background[0m
[1m[103m[30mbold black foreground in bright yellow background[0m
[1m[103m[31mbold red foreground in bright yellow background[0m
[1m[103m[32mbold green foreground in bright yellow background[0m
[1m[103m[33mbold yellow foreground in bright yellow background[0m
[1m[103m[34mbold blue foreground in bright yellow background[0m
[1m[103m[35mbold magenta foreground in bright yellow background[0m
[1m[103m[36mbold cyan foreground in bright yellow background[0m
[1m[103m[37mbold white foreground in bright yellow background[0m
[1m[103m[90mbold bright black foreground in bright yellow background[0m
[1m[103m[91mbold bright red foreground in bright yellow background[0m
[1m[103m[92mbold bright green foreground in bright yellow background[0m
[1m[103m[93mbold bright yellow foreground in bright yellow background[0m
[1m[103m[94mbold bright blue foreground in bright yellow background[0m
[1m[103m[95mbold bright magenta foreground in bright yellow background[0m
[1m[103m[96mbold bright cyan foreground in bright yellow background[0m
[1m[103m[97mbold bright white foreground in bright yellow background[0m
[1m[104m[30mbold black foreground in bright blue background[0m
[1m[104m[31mbold red foreground in bright blue background[0m
[1m[104m[32mbold green foreground in bright blue background[0m
[1m[104m[33mbold yellow foreground in bright blue background[0m
[1m[104m[34mbold blue foreground in bright blue background[0m
[1m[104m[35mbold magenta foreground in bright blue background[0m
[1m[104m[36mbold cyan foreground in bright blue background[0m
[1m[104m[37mbold white foreground in bright blue background[0m
[1m[104m[90mbold bright black foreground in bright blue background[0m
[1m[104m[91mbold bright red foreground in bright blue background[0m
[1m[104m[92mbold bright green foreground in bright blue background[0m
[1m[104m[93mbold bright yellow foreground in bright blue background[0m
[1m[104m[94mbold bright blue foreground in bright blue background[0m
[1m[104m[95mbold bright magenta foreground in bright blue background[0m
[1m[104m[96mbold bright cyan foreground in bright blue background[0m
[1m[104m[97mbold bright white foreground in bright blue background[0m
[1m[105m[30mbold black foreground in bright magenta background[0m
[1m[105m[31mbold red foreground in bright magenta background[0m
[1m[105m[32mbold green foreground in bright magenta background[0m
[1m[105m[33mbold yellow foreground in bright magenta background[0m
[1m[105m[34mbold blue foreground in bright magenta background[0m
[1m[105m[35mbold magenta foreground in bright magenta background[0m
[1m[105m[36mbold cyan foreground in bright magenta background[0m
[1m[105m[37mbold white foreground in bright magenta background[0m
[1m[105m[90mbold bright black foreground in bright magenta background[0m
[1m[105m[91mbold bright red foreground in bright magenta background[0m
[1m[105m[92mbold bright green foreground in bright magenta background[0m
[1m[105m[93mbold bright yellow foreground in bright magenta background[0m
[1m[105m[94mbold bright blue foreground in bright magenta background[0m
[1m[105m[95mbold bright magenta foreground in bright magenta background[0m
[1m[105m[96mbold bright cyan foreground in bright magenta background[0m
[1m[105m[97mbold bright white foreground in bright magenta background[0m
[1m[106m[30mbold black foreground in bright cyan background[0m
[1m[106m[31mbold red foreground in bright cyan background[0m
[1m[106m[32mbold green foreground in bright cyan background[0m
[1m[106m[33mbold yellow foreground in bright cyan background[0m
[1m[106m[34mbold blue foreground in bright cyan background[0m
[1m[106m[35mbold magenta foreground in bright cyan background[0m
[1m[106m[36mbold cyan foreground in bright cyan background[0m
[1m[106m[37mbold white foreground in bright cyan background[0m
[1m[106m[90mbold bright black foreground in bright cyan background[0m
[1m[106m[91mbold bright red foreground in bright cyan background[0m
[1m[106m[92mbold bright green foreground in bright cyan background[0m
[1m[106m[93mbold bright yellow foreground in bright cyan background[0m
[1m[106m[94mbold bright blue foreground in bright cyan background[0m
[1m[106m[95mbold bright magenta foreground in bright cyan background[0m
[1m[106m[96mbold bright cyan foreground in bright cyan background[0m
[1m[106m[97mbold bright white foreground in bright cyan background[0m
[1m[107m[30mbold black foreground in bright white background[0m
[1m[107m[31mbold red foreground in bright white background[0m
[1m[107m[32mbold green foreground in bright white background[0m
[1m[107m[33mbold yellow foreground in bright white background[0m
[1m[107m[34mbold blue foreground in bright white background[0m
[1m[107m[35mbold magenta foreground in bright white background[0m
[1m[107m[36mbold cyan foreground in bright white background[0m
[1m[107m[37mbold white foreground in bright white background[0m
[1m[107m[90mbold bright black foreground in bright white background[0m
[1m[107m[91mbold bright red foreground in bright white background[0m
[1m[107m[92mbold bright green foreground in bright white background[0m
[1m[107m[93mbold bright yellow foreground in bright white background[0m
[1m[107m[94mbold bright blue foreground in bright white background[0m
[1m[107m[95mbold bright magenta foreground in bright white background[0m
[1m[107m[96mbold bright cyan foreground in bright white background[0m
[1m[107m[97mbold bright white foreground in bright white background[0m
[2m[40m[30mfaint black foreground in black background[0m
[2m[40m[31mfaint red foreground in black background[0m
[2m[40m[32mfaint green foreground in black background[0m
[2m[40m[33mfaint yellow foreground in black background[0m
[2m[40m[34mfaint blue foreground in black background[0m
[2m[40m[35mfaint magenta foreground in black background[0m
[2m[40m[36mfaint cyan foreground in black background[0m
[2m[40m[37mfaint white foreground in black background[0m
[2m[40m[90mfaint bright black foreground in black background[0m
[2m[40m[91mfaint bright red foreground in black background[0m
[2m[40m[92mfaint bright green foreground in black background[0m
[2m[40m[93mfaint bright yellow foreground in black background[0m
[2m[40m[94mfaint bright blue foreground in black background[0m
[2m[40m[95mfaint bright magenta foreground in black background[0m
[2m[40m[96mfaint bright cyan foreground in black background[0m
[2m[40m[97mfaint bright white foreground in black background[0m
[2m[41m[30mfaint black foreground in red background[0m
[2m[41m[31mfaint red foreground in red background[0m
[2m[41m[32mfaint green foreground in red background[0m
[2m[41m[33mfaint yellow foreground in red background[0m
[2m[41m[34mfaint blue foreground in red background[0m
[2m[41m[35mfaint magenta foreground in red background[0m
[2m[41m[36mfaint cyan foreground in red background[0m
[2m[41m[37mfaint white foreground in red background[0m
[2m[41m[90mfaint bright black foreground in red background[0m
[2m[41m[91mfaint bright red foreground in red background[0m
[2m[41m[92mfaint bright green foreground in red background[0m
[2m[41m[93mfaint bright yellow foreground in red background[0m
[2m[41m[94mfaint bright blue foreground in red background[0m
[2m[41m[95mfaint bright magenta foreground in red background[0m
[2m[41m[96mfaint bright cyan foreground in red background[0m
[2m[41m[97mfaint bright white foreground in red background[0m
[2m[42m[30mfaint black foreground in green background[0m
[2m[42m[31mfaint red foreground in green background[0m
[2m[42m[32mfaint green foreground in green background[0m
[2m[42m[33mfaint yellow foreground in green background[0m
[2m[42m[34mfaint blue foreground in green background[0m
[2m[42m[35mfaint magenta foreground in green background[0m
[2m[42m[36mfaint cyan foreground in green background[0m
[2m[42m[37mfaint white foreground in green background[0m
[2m[42m[90mfaint bright black foreground in green background[0m
[2m[42m[91mfaint bright red foreground in green background[0m
[2m[42m[92mfaint bright green foreground in green background[0m
[2m[42m[93mfaint bright yellow foreground in green background[0m
[2m[42m[94mfaint bright blue foreground in green background[0m
[2m[42m[95mfaint bright magenta foreground in green background[0m
[2m[42m[96mfaint bright cyan foreground in green background[0m
[2m[42m[97mfaint bright white foreground in green background[0m
[2m[43m[30mfaint black foreground in yellow background[0m
[2m[43m[31mfaint red foreground in yellow background[0m
[2m[43m[32mfaint green foreground in yellow background[0m
[2m[43m[33mfaint yellow foreground in yellow background[0m
[2m[43m[34mfaint blue foreground in yellow background[0m
[2m[43m[35mfaint magenta foreground in yellow background[0m
[2m[43m[36mfaint cyan foreground in yellow background[0m
[2m[43m[37mfaint white foreground in yellow background[0m
[2m[43m[90mfaint bright black foreground in yellow background[0m
[2m[43m[91mfaint bright red foreground in yellow background[0m
[2m[43m[92mfaint bright green foreground in yellow background[0m
[2m[43m[93mfaint bright yellow foreground in yellow background[0m
[2m[43m[94mfaint bright blue foreground in yellow background[0m
[2m[43m[95mfaint bright magenta foreground in yellow background[0m
[2m[43m[96mfaint bright cyan foreground in yellow background[0m
[2m[43m[97mfaint bright white foreground in yellow background[0m
[2m[44m[30mfaint black foreground in blue background[0m
[2m[44m[31mfaint red foreground in blue background[0m
[2m[44m[32mfaint green foreground in blue background[0m
[2m[44m[33mfaint yellow foreground in blue background[0m
[2m[44m[34mfaint blue foreground in blue background[0m
[2m[44m[35mfaint magenta foreground in blue background[0m
[2m[44m[36mfaint cyan foreground in blue background[0m
[2m[44m[37mfaint white foreground in blue background[0m
[2m[44m[90mfaint bright black foreground in blue background[0m
[2m[44m[91mfaint bright red foreground in blue background[0m
[2m[44m[92mfaint bright green foreground in blue background[0m
[2m[44m[93mfaint bright yellow foreground in blue background[0m
[2m[44m[94mfaint bright blue foreground in blue background[0m
[2m[44m[95mfaint bright magenta foreground in blue background[0m
[2m[44m[96mfaint bright cyan foreground in blue background[0m
[2m[44m[97mfaint bright white foreground in blue background[0m
[2m[45m[30mfaint black foreground in magenta background[0m
[2m[45m[31mfaint red foreground in magenta background[0m
[2m[45m[32mfaint green foreground in magenta background[0m
[2m[45m[33mfaint yellow foreground in magenta background[0m
[2m[45m[34mfaint blue foreground in magenta background[0m
[2m[45m[35mfaint magenta foreground in magenta background[0m
[2m[45m[36mfaint cyan foreground in magenta background[0m
[2m[45m[37mfaint white foreground in magenta background[0m
[2m[45m[90mfaint bright black foreground in magenta background[0m
[2m[45m[91mfaint bright red foreground in magenta background[0m
[2m[45m[92mfaint bright green foreground in magenta background[0m
[2m[45m[93mfaint bright yellow foreground in magenta background[0m
[2m[45m[94mfaint bright blue foreground in magenta background[0m
[2m[45m[95mfaint bright magenta foreground in magenta background[0m
[2m[45m[96mfaint bright cyan foreground in magenta background[0m
[2m[45m[97mfaint bright white foreground in magenta background[0m
[2m[46m[30mfaint black foreground in cyan background[0m
[2m[46m[31mfaint red foreground in cyan background[0m
[2m[46m[32mfaint green foreground in cyan background[0m
[2m[46m[33mfaint yellow foreground in cyan background[0m
[2m[46m[34mfaint blue foreground in cyan background[0m
[2m[46m[35mfaint magenta foreground in cyan background[0m
[2m[46m[36mfaint cyan foreground in cyan background[0m
[2m[46m[37mfaint white foreground in cyan background[0m
[2m[46m[90mfaint bright black foreground in cyan background[0m
[2m[46m[91mfaint bright red foreground in cyan background[0m
[2m[46m[92mfaint bright green foreground in cyan background[0m
[2m[46m[93mfaint bright yellow foreground in cyan background[0m
[2m[46m[94mfaint bright blue foreground in cyan background[0m
[2m[46m[95mfaint bright magenta foreground in cyan background[0m
[2m[46m[96mfaint bright cyan foreground in cyan background[0m
[2m[46m[97mfaint bright white foreground in cyan background[0m
[2m[47m[30mfaint black foreground in white background[0m
[2m[47m[31mfaint red foreground in white background[0m
[2m[47m[32mfaint green foreground in white background[0m
[2m[47m[33mfaint yellow foreground in white background[0m
[2m[47m[34mfaint blue foreground in white background[0m
[2m[47m[35mfaint magenta foreground in white background[0m
[2m[47m[36mfaint cyan foreground in white background[0m
[2m[47m[37mfaint white foreground in white background[0m
[2m[47m[90mfaint bright black foreground in white background[0m
[2m[47m[91mfaint bright red foreground in white background[0m
[2m[47m[92mfaint bright green foreground in white background[0m
[2m[47m[93mfaint bright yellow foreground in white background[0m
[2m[47m[94mfaint bright blue foreground in white background[0m
[2m[47m[95mfaint bright magenta foreground in white background[0m
[2m[47m[96mfaint bright cyan foreground in white background[0m
[2m[47m[97mfaint bright white foreground in white background[0m
[2m[100m[30mfaint black foreground in bright black background[0m
[2m[100m[31mfaint red foreground in bright black background[0m
[2m[100m[32mfaint green foreground in bright black background[0m
[2m[100m[33mfaint yellow foreground in bright black background[0m
[2m[100m[34mfaint blue foreground in bright black background[0m
[2m[100m[35mfaint magenta foreground in bright black background[0m
[2m[100m[36mfaint cyan foreground in bright black background[0m
[2m[100m[37mfaint white foreground in bright black background[0m
[2m[100m[90mfaint bright black foreground in bright black background[0m
[2m[100m[91mfaint bright red foreground in bright black background[0m
[2m[100m[92mfaint bright green foreground in bright black background[0m
[2m[100m[93mfaint bright yellow foreground in bright black background[0m
[2m[100m[94mfaint bright blue foreground in bright black background[0m
[2m[100m[95mfaint bright magenta foreground in bright black background[0m
[2m[100m[96mfaint bright cyan foreground in bright black background[0m
[2m[100m[97mfaint bright white foreground in bright black background[0m
[2m[101m[30mfaint black foreground in bright red background[0m
[2m[101m[31mfaint red foreground in bright red background[0m
[2m[101m[32mfaint green foreground in bright red background[0m
[2m[101m[33mfaint yellow foreground in bright red background[0m
[2m[101m[34mfaint blue foreground in bright red background[0m
[2m[101m[35mfaint magenta foreground in bright red background[0m
[2m[101m[36mfaint cyan foreground in bright red background[0m
[2m[101m[37mfaint white foreground in bright red background[0m
[2m[101m[90mfaint bright black foreground in bright red background[0m
[2m[101m[91mfaint bright red foreground in bright red background[0m
[2m[101m[92mfaint bright green foreground in bright red background[0m
[2m[101m[93mfaint bright yellow foreground in bright red background[0m
[2m[101m[94mfaint bright blue foreground in bright red background[0m
[2m[101m[95mfaint bright magenta foreground in bright red background[0m
[2m[101m[96mfaint bright cyan foreground in bright red background[0m
[2m[101m[97mfaint bright white foreground in bright red background[0m
[2m[102m[30mfaint black foreground in bright green background[0m
[2m[102m[31mfaint red foreground in bright green background[0m
[2m[102m[32mfaint green foreground in bright green background[0m
[2m[102m[33mfaint yellow foreground in bright green background[0m
[2m[102m[34mfaint blue foreground in bright green background[0m
[2m[102m[35mfaint magenta foreground in bright green background[0m
[2m[102m[36mfaint cyan foreground in bright green background[0m
[2m[102m[37mfaint white foreground in bright green background[0m
[2m[102m[90mfaint bright black foreground in bright green background[0m
[2m[102m[91mfaint bright red foreground in bright green background[0m
[2m[102m[92mfaint bright green foreground in bright green background[0m
[2m[102m[93mfaint bright yellow foreground in bright green background[0m
[2m[102m[94mfaint bright blue foreground in bright green background[0m
[2m[102m[95mfaint bright magenta foreground in bright green background[0m
[2m[102m[96mfaint bright cyan foreground in bright green background[0m
[2m[102m[97mfaint bright white foreground in bright green background[0m
[2m[103m[30mfaint black foreground in bright yellow background[0m
[2m[103m[31mfaint red foreground in bright yellow background[0m
[2m[103m[32mfaint green foreground in bright yellow background[0m
[2m[103m[33mfaint yellow foreground in bright yellow background[0m
[2m[103m[34mfaint blue foreground in bright yellow background[0m
[2m[103m[35mfaint magenta foreground in bright yellow background[0m
[2m[103m[36mfaint cyan foreground in bright yellow background[0m
[2m[103m[37mfaint white foreground in bright yellow background[0m
[2m[103m[90mfaint bright black foreground in bright yellow background[0m
[2m[103m[91mfaint bright red foreground in bright yellow background[0m
[2m[103m[92mfaint bright green foreground in bright yellow background[0m
[2m[103m[93mfaint bright yellow foreground in bright yellow background[0m
[2m[103m[94mfaint bright blue foreground in bright yellow background[0m
[2m[103m[95mfaint bright magenta foreground in bright yellow background[0m
[2m[103m[96mfaint bright cyan foreground in bright yellow background[0m
[2m[103m[97mfaint bright white foreground in bright yellow background[0m
[2m[104m[30mfaint black foreground in bright blue background[0m
[2m[104m[31mfaint red foreground in bright blue background[0m
[2m[104m[32mfaint green foreground in bright blue background[0m
[2m[104m[33mfaint yellow foreground in bright blue background[0m
[2m[104m[34mfaint blue foreground in bright blue background[0m
[2m[104m[35mfaint magenta foreground in bright blue background[0m
[2m[104m[36mfaint cyan foreground in bright blue background[0m
[2m[104m[37mfaint white foreground in bright blue background[0m
[2m[104m[90mfaint bright black foreground in bright blue background[0m
[2m[104m[91mfaint bright red foreground in bright blue background[0m
[2m[104m[92mfaint bright green foreground in bright blue background[0m
[2m[104m[93mfaint bright yellow foreground in bright blue background[0m
[2m[104m[94mfaint bright blue foreground in bright blue background[0m
[2m[104m[95mfaint bright magenta foreground in bright blue background[0m
[2m[104m[96mfaint bright cyan foreground in bright blue background[0m
[2m[104m[97mfaint bright white foreground in bright blue background[0m
[2m[105m[30mfaint black foreground in bright magenta background[0m
[2m[105m[31mfaint red foreground in bright magenta background[0m
[2m[105m[32mfaint green foreground in bright magenta background[0m
[2m[105m[33mfaint yellow foreground in bright magenta background[0m
[2m[105m[34mfaint blue foreground in bright magenta background[0m
[2m[105m[35mfaint magenta foreground in bright magenta background[0m
[2m[105m[36mfaint cyan foreground in bright magenta background[0m
[2m[105m[37mfaint white foreground in bright magenta background[0m
[2m[105m[90mfaint bright black foreground in bright magenta background[0m
[2m[105m[91mfaint bright red foreground in bright magenta background[0m
[2m[105m[92mfaint bright green foreground in bright magenta background[0m
[2m[105m[93mfaint bright yellow foreground in bright magenta background[0m
[2m[105m[94mfaint bright blue foreground in bright magenta background[0m
[2m[105m[95mfaint bright magenta foreground in bright magenta background[0m
[2m[105m[96mfaint bright cyan foreground in bright magenta background[0m
[2m[105m[97mfaint bright white foreground in bright magenta background[0m
[2m[106m[30mfaint black foreground in bright cyan background[0m
[2m[106m[31mfaint red foreground in bright cyan background[0m
[2m[106m[32mfaint green foreground in bright cyan background[0m
[2m[106m[33mfaint yellow foreground in bright cyan background[0m
[2m[106m[34mfaint blue foreground in bright cyan background[0m
[2m[106m[35mfaint magenta foreground in bright cyan background[0m
[2m[106m[36mfaint cyan foreground in bright cyan background[0m
[2m[106m[37mfaint white foreground in bright cyan background[0m
[2m[106m[90mfaint bright black foreground in bright cyan background[0m
[2m[106m[91mfaint bright red foreground in bright cyan background[0m
[2m[106m[92mfaint bright green foreground in bright cyan background[0m
[2m[106m[93mfaint bright yellow foreground in bright cyan background[0m
[2m[106m[94mfaint bright blue foreground in bright cyan background[0m
[2m[106m[95mfaint bright magenta foreground in bright cyan background[0m
[2m[106m[96mfaint bright cyan foreground in bright cyan background[0m
[2m[106m[97mfaint bright white foreground in bright cyan background[0m
[2m[107m[30mfaint black foreground in bright white background[0m
[2m[107m[31mfaint red foreground in bright white background[0m
[2m[107m[32mfaint green foreground in bright white background[0m
[2m[107m[33mfaint yellow foreground in bright white background[0m
[2m[107m[34mfaint blue foreground in bright white background[0m
[2m[107m[35mfaint magenta foreground in bright white background[0m
[2m[107m[36mfaint cyan foreground in bright white background[0m
[2m[107m[37mfaint white foreground in bright white background[0m
[2m[107m[90mfaint bright black foreground in bright white background[0m
[2m[107m[91mfaint bright red foreground in bright white background[0m
[2m[107m[92mfaint bright green foreground in bright white background[0m
[2m[107m[93mfaint bright yellow foreground in bright white background[0m
[2m[107m[94mfaint bright blue foreground in bright white background[0m
[2m[107m[95mfaint bright magenta foreground in bright white background[0m
[2m[107m[96mfaint bright cyan foreground in bright white background[0m
[2m[107m[97mfaint bright white foreground in bright white background[0m
[3m[40m[30mitalic black foreground in black background[0m
[3m[40m[31mitalic red foreground in black background[0m
[3m[40m[32mitalic green foreground in black background[0m
[3m[40m[33mitalic yellow foreground in black background[0m
[3m[40m[34mitalic blue foreground in black background[0m
[3m[40m[35mitalic magenta foreground in black background[0m
[3m[40m[36mitalic cyan foreground in black background[0m
[3m[40m[37mitalic white foreground in black background[0m
[3m[40m[90mitalic bright black foreground in black background[0m
[3m[40m[91mitalic bright red foreground in black background[0m
[3m[40m[92mitalic bright green foreground in black background[0m
[3m[40m[93mitalic bright yellow foreground in black background[0m
[3m[40m[94mitalic bright blue foreground in black background[0m
[3m[40m[95mitalic bright magenta foreground in black background[0m
[3m[40m[96mitalic bright cyan foreground in black background[0m
[3m[40m[97mitalic bright white foreground in black background[0m
[3m[41m[30mitalic black foreground in red background[0m
[3m[41m[31mitalic red foreground in red background[0m
[3m[41m[32mitalic green foreground in red background[0m
[3m[41m[33mitalic yellow foreground in red background[0m
[3m[41m[34mitalic blue foreground in red background[0m
[3m[41m[35mitalic magenta foreground in red background[0m
[3m[41m[36mitalic cyan foreground in red background[0m
[3m[41m[37mitalic white foreground in red background[0m
[3m[41m[90mitalic bright black foreground in red background[0m
[3m[41m[91mitalic bright red foreground in red background[0m
[3m[41m[92mitalic bright green foreground in red background[0m
[3m[41m[93mitalic bright yellow foreground in red background[0m
[3m[41m[94mitalic bright blue foreground in red background[0m
[3m[41m[95mitalic bright magenta foreground in red background[0m
[3m[41m[96mitalic bright cyan foreground in red background[0m
[3m[41m[97mitalic bright white foreground in red background[0m
[3m[42m[30mitalic black foreground in green background[0m
[3m[42m[31mitalic red foreground in green background[0m
[3m[42m[32mitalic green foreground in green background[0m
[3m[42m[33mitalic yellow foreground in green background[0m
[3m[42m[34mitalic blue foreground in green background[0m
[3m[42m[35mitalic magenta foreground in green background[0m
[3m[42m[36mitalic cyan foreground in green background[0m
[3m[42m[37mitalic white foreground in green background[0m
[3m[42m[90mitalic bright black foreground in green background[0m
[3m[42m[91mitalic bright red foreground in green background[0m
[3m[42m[92mitalic bright green foreground in green background[0m
[3m[42m[93mitalic bright yellow foreground in green background[0m
[3m[42m[94mitalic bright blue foreground in green background[0m
[3m[42m[95mitalic bright magenta foreground in green background[0m
[3m[42m[96mitalic bright cyan foreground in green background[0m
[3m[42m[97mitalic bright white foreground in green background[0m
[3m[43m[30mitalic black foreground in yellow background[0m
[3m[43m[31mitalic red foreground in yellow background[0m
[3m[43m[32mitalic green foreground in yellow background[0m
[3m[43m[33mitalic yellow foreground in yellow background[0m
[3m[43m[34mitalic blue foreground in yellow background[0m
[3m[43m[35mitalic magenta foreground in yellow background[0m
[3m[43m[36mitalic cyan foreground in yellow background[0m
[3m[43m[37mitalic white foreground in yellow background[0m
[3m[43m[90mitalic bright black foreground in yellow background[0m
[3m[43m[91mitalic bright red foreground in yellow background[0m
[3m[43m[92mitalic bright green foreground in yellow background[0m
[3m[43m[93mitalic bright yellow foreground in yellow background[0m
[3m[43m[94mitalic bright blue foreground in yellow background[0m
[3m[43m[95mitalic bright magenta foreground in yellow background[0m
[3m[43m[96mitalic bright cyan foreground in yellow background[0m
[3m[43m[97mitalic bright white foreground in yellow background[0m
[3m[44m[30mitalic black foreground in blue background[0m
[3m[44m[31mitalic red foreground in blue background[0m
[3m[44m[32mitalic green foreground in blue background[0m
[3m[44m[33mitalic yellow foreground in blue background[0m
[3m[44m[34mitalic blue foreground in blue background[0m
[3m[44m[35mitalic magenta foreground in blue background[0m
[3m[44m[36mitalic cyan foreground in blue background[0m
[3m[44m[37mitalic white foreground in blue background[0m
[3m[44m[90mitalic bright black foreground in blue background[0m
[3m[44m[91mitalic bright red foreground in blue background[0m
[3m[44m[92mitalic bright green foreground in blue background[0m
[3m[44m[93mitalic bright yellow foreground in blue background[0m
[3m[44m[94mitalic bright blue foreground in blue background[0m
[3m[44m[95mitalic bright magenta foreground in blue background[0m
[3m[44m[96mitalic bright cyan foreground in blue background[0m
[3m[44m[97mitalic bright white foreground in blue background[0m
[3m[45m[30mitalic black foreground in magenta background[0m
[3m[45m[31mitalic red foreground in magenta background[0m
[3m[45m[32mitalic green foreground in magenta background[0m
[3m[45m[33mitalic yellow foreground in magenta background[0m
[3m[45m[34mitalic blue foreground in magenta background[0m
[3m[45m[35mitalic magenta foreground in magenta background[0m
[3m[45m[36mitalic cyan foreground in magenta background[0m
[3m[45m[37mitalic white foreground in magenta background[0m
[3m[45m[90mitalic bright black foreground in magenta background[0m
[3m[45m[91mitalic bright red foreground in magenta background[0m
[3m[45m[92mitalic bright green foreground in magenta background[0m
[3m[45m[93mitalic bright yellow foreground in magenta background[0m
[3m[45m[94mitalic bright blue foreground in magenta background[0m
[3m[45m[95mitalic bright magenta foreground in magenta background[0m
[3m[45m[96mitalic bright cyan foreground in magenta background[0m
[3m[45m[97mitalic bright white foreground in magenta background[0m
[3m[46m[30mitalic black foreground in cyan background[0m
[3m[46m[31mitalic red foreground in cyan background[0m
[3m[46m[32mitalic green foreground in cyan background[0m
[3m[46m[33mitalic yellow foreground in cyan background[0m
[3m[46m[34mitalic blue foreground in cyan background[0m
[3m[46m[35mitalic magenta foreground in cyan background[0m
[3m[46m[36mitalic cyan foreground in cyan background[0m
[3m[46m[37mitalic white foreground in cyan background[0m
[3m[46m[90mitalic bright black foreground in cyan background[0m
[3m[46m[91mitalic bright red foreground in cyan background[0m
[3m[46m[92mitalic bright green foreground in cyan background[0m
[3m[46m[93mitalic bright yellow foreground in cyan background[0m
[3m[46m[94mitalic bright blue foreground in cyan background[0m
[3m[46m[95mitalic bright magenta foreground in cyan background[0m
[3m[46m[96mitalic bright cyan foreground in cyan background[0m
[3m[46m[97mitalic bright white foreground in cyan background[0m
[3m[47m[30mitalic black foreground in white background[0m
[3m[47m[31mitalic red foreground in white background[0m
[3m[47m[32mitalic green foreground in white background[0m
[3m[47m[33mitalic yellow foreground in white background[0m
[3m[47m[34mitalic blue foreground in white background[0m
[3m[47m[35mitalic magenta foreground in white background[0m
[3m[47m[36mitalic cyan foreground in white background[0m
[3m[47m[37mitalic white foreground in white background[0m
[3m[47m[90mitalic bright black foreground in white background[0m
[3m[47m[91mitalic bright red foreground in white background[0m
[3m[47m[92mitalic bright green foreground in white background[0m
[3m[47m[93mitalic bright yellow foreground in white background[0m
[3m[47m[94mitalic bright blue foreground in white background[0m
[3m[47m[95mitalic bright magenta foreground in white background[0m
[3m[47m[96mitalic bright cyan foreground in white background[0m
[3m[47m[97mitalic bright white foreground in white background[0m
[3m[100m[30mitalic black foreground in bright black background[0m
[3m[100m[31mitalic red foreground in bright black background[0m
[3m[100m[32mitalic green foreground in bright black background[0m
[3m[100m[33mitalic yellow foreground in bright black background[0m
[3m[100m[34mitalic blue foreground in bright black background[0m
[3m[100m[35mitalic magenta foreground in bright black background[0m
[3m[100m[36mitalic cyan foreground in bright black background[0m
[3m[100m[37mitalic white foreground in bright black background[0m
[3m[100m[90mitalic bright black foreground in bright black background[0m
[3m[100m[91mitalic bright red foreground in bright black background[0m
[3m[100m[92mitalic bright green foreground in bright black background[0m
[3m[100m[93mitalic bright yellow foreground in bright black background[0m
[3m[100m[94mitalic bright blue foreground in bright black background[0m
[3m[100m[95mitalic bright magenta foreground in bright black background[0m
[3m[100m[96mitalic bright cyan foreground in bright black background[0m
[3m[100m[97mitalic bright white foreground in bright black background[0m
[3m[101m[30mitalic black foreground in bright red background[0m
[3m[101m[31mitalic red foreground in bright red background[0m
[3m[101m[32mitalic green foreground in bright red background[0m
[3m[101m[33mitalic yellow foreground in bright red background[0m
[3m[101m[34mitalic blue foreground in bright red background[0m
[3m[101m[35mitalic magenta foreground in bright red background[0m
[3m[101m[36mitalic cyan foreground in bright red background[0m
[3m[101m[37mitalic white foreground in bright red background[0m
[3m[101m[90mitalic bright black foreground in bright red background[0m
[3m[101m[91mitalic bright red foreground in bright red background[0m
[3m[101m[92mitalic bright green foreground in bright red background[0m
[3m[101m[93mitalic bright yellow foreground in bright red background[0m
[3m[101m[94mitalic bright blue foreground in bright red background[0m
[3m[101m[95mitalic bright magenta foreground in bright red background[0m
[3m[101m[96mitalic bright cyan foreground in bright red background[0m
[3m[101m[97mitalic bright white foreground in bright red background[0m
[3m[102m[30mitalic black foreground in bright green background[0m
[3m[102m[31mitalic red foreground in bright green background[0m
[3m[102m[32mitalic green foreground in bright green background[0m
[3m[102m[33mitalic yellow foreground in bright green background[0m
[3m[102m[34mitalic blue foreground in bright green background[0m
[3m[102m[35mitalic magenta foreground in bright green background[0m
[3m[102m[36mitalic cyan foreground in bright green background[0m
[3m[102m[37mitalic white foreground in bright green background[0m
[3m[102m[90mitalic bright black foreground in bright green background[0m
[3m[102m[91mitalic bright red foreground in bright green background[0m
[3m[102m[92mitalic bright green foreground in bright green background[0m
[3m[102m[93mitalic bright yellow foreground in bright green background[0m
[3m[102m[94mitalic bright blue foreground in bright green background[0m
[3m[102m[95mitalic bright magenta foreground in bright green background[0m
[3m[102m[96mitalic bright cyan foreground in bright green background[0m
[3m[102m[97mitalic bright white foreground in bright green background[0m
[3m[103m[30mitalic black foreground in bright yellow background[0m
[3m[103m[31mitalic red foreground in bright yellow background[0m
[3m[103m[32mitalic green foreground in bright yellow background[0m
[3m[103m[33mitalic yellow foreground in bright yellow background[0m
[3m[103m[34mitalic blue foreground in bright yellow background[0m
[3m[103m[35mitalic magenta foreground in bright yellow background[0m
[3m[103m[36mitalic cyan foreground in bright yellow background[0m
[3m[103m[37mitalic white foreground in bright yellow background[0m
[3m[103m[90mitalic bright black foreground in bright yellow background[0m
[3m[103m[91mitalic bright red foreground in bright yellow background[0m
[3m[103m[92mitalic bright green foreground in bright yellow background[0m
[3m[103m[93mitalic bright yellow foreground in bright yellow background[0m
[3m[103m[94mitalic bright blue foreground in bright yellow background[0m
[3m[103m[95mitalic bright magenta foreground in bright yellow background[0m
[3m[103m[96mitalic bright cyan foreground in bright yellow background[0m
[3m[103m[97mitalic bright white foreground in bright yellow background[0m
[3m[104m[30mitalic black foreground in bright blue background[0m
[3m[104m[31mitalic red foreground in bright blue background[0m
[3m[104m[32mitalic green foreground in bright blue background[0m
[3m[104m[33mitalic yellow foreground in bright blue background[0m
[3m[104m[34mitalic blue foreground in bright blue background[0m
[3m[104m[35mitalic magenta foreground in bright blue background[0m
[3m[104m[36mitalic cyan foreground in bright blue background[0m
[3m[104m[37mitalic white foreground in bright blue background[0m
[3m[104m[90mitalic bright black foreground in bright blue background[0m
[3m[104m[91mitalic bright red foreground in bright blue background[0m
[3m[104m[92mitalic bright green foreground in bright blue background[0m
[3m[104m[93mitalic bright yellow foreground in bright blue background[0m
[3m[104m[94mitalic bright blue foreground in bright blue background[0m
[3m[104m[95mitalic bright magenta foreground in bright blue background[0m
[3m[104m[96mitalic bright cyan foreground in bright blue background[0m
[3m[104m[97mitalic bright white foreground in bright blue background[0m
[3m[105m[30mitalic black foreground in bright magenta background[0m
[3m[105m[31mitalic red foreground in bright magenta background[0m
[3m[105m[32mitalic green foreground in bright magenta background[0m
[3m[105m[33mitalic yellow foreground in bright magenta background[0m
[3m[105m[34mitalic blue foreground in bright magenta background[0m
[3m[105m[35mitalic magenta foreground in bright magenta background[0m
[3m[105m[36mitalic cyan foreground in bright magenta background[0m
[3m[105m[37mitalic white foreground in bright magenta background[0m
[3m[105m[90mitalic bright black foreground in bright magenta background[0m
[3m[105m[91mitalic bright red foreground in bright magenta background[0m
[3m[105m[92mitalic bright green foreground in bright magenta background[0m
[3m[105m[93mitalic bright yellow foreground in bright magenta background[0m
[3m[105m[94mitalic bright blue foreground in bright magenta background[0m
[3m[105m[95mitalic bright magenta foreground in bright magenta background[0m
[3m[105m[96mitalic bright cyan foreground in bright magenta background[0m
[3m[105m[97mitalic bright white foreground in bright magenta background[0m
[3m[106m[30mitalic black foreground in bright cyan background[0m
[3m[106m[31mitalic red foreground in bright cyan background[0m
[3m[106m[32mitalic green foreground in bright cyan background[0m
[3m[106m[33mitalic yellow foreground in bright cyan background[0m
[3m[106m[34mitalic blue foreground in bright cyan background[0m
[3m[106m[35mitalic magenta foreground in bright cyan background[0m
[3m[106m[36mitalic cyan foreground in bright cyan background[0m
[3m[106m[37mitalic white foreground in bright cyan background[0m
[3m[106m[90mitalic bright black foreground in bright cyan background[0m
[3m[106m[91mitalic bright red foreground in bright cyan background[0m
[3m[106m[92mitalic bright green foreground in bright cyan background[0m
[3m[106m[93mitalic bright yellow foreground in bright cyan background[0m
[3m[106m[94mitalic bright blue foreground in bright cyan background[0m
[3m[106m[95mitalic bright magenta foreground in bright cyan background[0m
[3m[106m[96mitalic bright cyan foreground in bright cyan background[0m
[3m[106m[97mitalic bright white foreground in bright cyan background[0m
[3m[107m[30mitalic black foreground in bright white background[0m
[3m[107m[31mitalic red foreground in bright white background[0m
[3m[107m[32mitalic green foreground in bright white background[0m
[3m[107m[33mitalic yellow foreground in bright white background[0m
[3m[107m[34mitalic blue foreground in bright white background[0m
[3m[107m[35mitalic magenta foreground in bright white background[0m
[3m[107m[36mitalic cyan foreground in bright white background[0m
[3m[107m[37mitalic white foreground in bright white background[0m
[3m[107m[90mitalic bright black foreground in bright white background[0m
[3m[107m[91mitalic bright red foreground in bright white background[0m
[3m[107m[92mitalic bright green foreground in bright white background[0m
[3m[107m[93mitalic bright yellow foreground in bright white background[0m
[3m[107m[94mitalic bright blue foreground in bright white background[0m
[3m[107m[95mitalic bright magenta foreground in bright white background[0m
[3m[107m[96mitalic bright cyan foreground in bright white background[0m
[3m[107m[97mitalic bright white foreground in bright white background[0m
[4m[40m[30munderline black foreground in black background[0m
[4m[40m[31munderline red foreground in black background[0m
[4m[40m[32munderline green foreground in black background[0m
[4m[40m[33munderline yellow foreground in black background[0m
[4m[40m[34munderline blue foreground in black background[0m
[4m[40m[35munderline magenta foreground in black background[0m
[4m[40m[36munderline cyan foreground in black background[0m
[4m[40m[37munderline white foreground in black background[0m
[4m[40m[90munderline bright black foreground in black background[0m
[4m[40m[91munderline bright red foreground in black background[0m
[4m[40m[92munderline bright green foreground in black background[0m
[4m[40m[93munderline bright yellow foreground in black background[0m
[4m[40m[94munderline bright blue foreground in black background[0m
[4m[40m[95munderline bright magenta foreground in black background[0m
[4m[40m[96munderline bright cyan foreground in black background[0m
[4m[40m[97munderline bright white foreground in black background[0m
[4m[41m[30munderline black foreground in red background[0m
[4m[41m[31munderline red foreground in red background[0m
[4m[41m[32munderline green foreground in red background[0m
[4m[41m[33munderline yellow foreground in red background[0m
[4m[41m[34munderline blue foreground in red background[0m
[4m[41m[35munderline magenta foreground in red background[0m
[4m[41m[36munderline cyan foreground in red background[0m
[4m[41m[37munderline white foreground in red background[0m
[4m[41m[90munderline bright black foreground in red background[0m
[4m[41m[91munderline bright red foreground in red background[0m
[4m[41m[92munderline bright green foreground in red background[0m
[4m[41m[93munderline bright yellow foreground in red background[0m
[4m[41m[94munderline bright blue foreground in red background[0m
[4m[41m[95munderline bright magenta foreground in red background[0m
[4m[41m[96munderline bright cyan foreground in red background[0m
[4m[41m[97munderline bright white foreground in red background[0m
[4m[42m[30munderline black foreground in green background[0m
[4m[42m[31munderline red foreground in green background[0m
[4m[42m[32munderline green foreground in green background[0m
[4m[42m[33munderline yellow foreground in green background[0m
[4m[42m[34munderline blue foreground in green background[0m
[4m[42m[35munderline magenta foreground in green background[0m
[4m[42m[36munderline cyan foreground in green background[0m
[4m[42m[37munderline white foreground in green background[0m
[4m[42m[90munderline bright black foreground in green background[0m
[4m[42m[91munderline bright red foreground in green background[0m
[4m[42m[92munderline bright green foreground in green background[0m
[4m[42m[93munderline bright yellow foreground in green background[0m
[4m[42m[94munderline bright blue foreground in green background[0m
[4m[42m[95munderline bright magenta foreground in green background[0m
[4m[42m[96munderline bright cyan foreground in green background[0m
[4m[42m[97munderline bright white foreground in green background[0m
[4m[43m[30munderline black foreground in yellow background[0m
[4m[43m[31munderline red foreground in yellow background[0m
[4m[43m[32munderline green foreground in yellow background[0m
[4m[43m[33munderline yellow foreground in yellow background[0m
[4m[43m[34munderline blue foreground in yellow background[0m
[4m[43m[35munderline magenta foreground in yellow background[0m
[4m[43m[36munderline cyan foreground in yellow background[0m
[4m[43m[37munderline white foreground in yellow background[0m
[4m[43m[90munderline bright black foreground in yellow background[0m
[4m[43m[91munderline bright red foreground in yellow background[0m
[4m[43m[92munderline bright green foreground in yellow background[0m
[4m[43m[93munderline bright yellow foreground in yellow background[0m
[4m[43m[94munderline bright blue foreground in yellow background[0m
[4m[43m[95munderline bright magenta foreground in yellow background[0m
[4m[43m[96munderline bright cyan foreground in yellow background[0m
[4m[43m[97munderline bright white foreground in yellow background[0m
[4m[44m[30munderline black foreground in blue background[0m
[4m[44m[31munderline red foreground in blue background[0m
[4m[44m[32munderline green foreground in blue background[0m
[4m[44m[33munderline yellow foreground in blue background[0m
[4m[44m[34munderline blue foreground in blue background[0m
[4m[44m[35munderline magenta foreground in blue background[0m
[4m[44m[36munderline cyan foreground in blue background[0m
[4m[44m[37munderline white foreground in blue background[0m
[4m[44m[90munderline bright black foreground in blue background[0m
[4m[44m[91munderline bright red foreground in blue background[0m
[4m[44m[92munderline bright green foreground in blue background[0m
[4m[44m[93munderline bright yellow foreground in blue background[0m
[4m[44m[94munderline bright blue foreground in blue background[0m
[4m[44m[95munderline bright magenta foreground in blue background[0m
[4m[44m[96munderline bright cyan foreground in blue background[0m
[4m[44m[97munderline bright white foreground in blue background[0m
[4m[45m[30munderline black foreground in magenta background[0m
[4m[45m[31munderline red foreground in magenta background[0m
[4m[45m[32munderline green foreground in magenta background[0m
[4m[45m[33munderline yellow foreground in magenta background[0m
[4m[45m[34munderline blue foreground in magenta background[0m
[4m[45m[35munderline magenta foreground in magenta background[0m
[4m[45m[36munderline cyan foreground in magenta background[0m
[4m[45m[37munderline white foreground in magenta background[0m
[4m[45m[90munderline bright black foreground in magenta background[0m
[4m[45m[91munderline bright red foreground in magenta background[0m
[4m[45m[92munderline bright green foreground in magenta background[0m
[4m[45m[93munderline bright yellow foreground in magenta background[0m
[4m[45m[94munderline bright blue foreground in magenta background[0m
[4m[45m[95munderline bright magenta foreground in magenta background[0m
[4m[45m[96munderline bright cyan foreground in magenta background[0m
[4m[45m[97munderline bright white foreground in magenta background[0m
[4m[46m[30munderline black foreground in cyan background[0m
[4m[46m[31munderline red foreground in cyan background[0m
[4m[46m[32munderline green foreground in cyan background[0m
[4m[46m[33munderline yellow foreground in cyan background[0m
[4m[46m[34munderline blue foreground in cyan background[0m
[4m[46m[35munderline magenta foreground in cyan background[0m
[4m[46m[36munderline cyan foreground in cyan background[0m
[4m[46m[37munderline white foreground in cyan background[0m
[4m[46m[90munderline bright black foreground in cyan background[0m
[4m[46m[91munderline bright red foreground in cyan background[0m
[4m[46m[92munderline bright green foreground in cyan background[0m
[4m[46m[93munderline bright yellow foreground in cyan background[0m
[4m[46m[94munderline bright blue foreground in cyan background[0m
[4m[46m[95munderline bright magenta foreground in cyan background[0m
[4m[46m[96munderline bright cyan foreground in cyan background[0m
[4m[46m[97munderline bright white foreground in cyan background[0m
[4m[47m[30munderline black foreground in white background[0m
[4m[47m[31munderline red foreground in white background[0m
[4m[47m[32munderline green foreground in white background[0m
[4m[47m[33munderline yellow foreground in white background[0m
[4m[47m[34munderline blue foreground in white background[0m
[4m[47m[35munderline magenta foreground in white background[0m
[4m[47m[36munderline cyan foreground in white background[0m
[4m[47m[37munderline white foreground in white background[0m
[4m[47m[90munderline bright black foreground in white background[0m
[4m[47m[91munderline bright red foreground in white background[0m
[4m[47m[92munderline bright green foreground in white background[0m
[4m[47m[93munderline bright yellow foreground in white background[0m
[4m[47m[94munderline bright blue foreground in white background[0m
[4m[47m[95munderline bright magenta foreground in white background[0m
[4m[47m[96munderline bright cyan foreground in white background[0m
[4m[47m[97munderline bright white foreground in white background[0m
[4m[100m[30munderline black foreground in bright black background[0m
[4m[100m[31munderline red foreground in bright black background[0m
[...]
[29m[40m[94mcrossed out off bright blue foreground in black background[0m
[29m[40m[95mcrossed out off bright magenta foreground in black background[0m
[29m[40m[96mcrossed out off bright cyan foreground in black background[0m
[29m[40m[97mcrossed out off bright white foreground in black background[0m
[29m[41m[30mcrossed out off black foreground in red background[0m
[29m[41m[31mcrossed out off red foreground in red background[0m
[29m[41m[32mcrossed out off green foreground in red background[0m
[29m[41m[33mcrossed out off yellow foreground in red background[0m
[29m[41m[34mcrossed out off blue foreground in red background[0m
[29m[41m[35mcrossed out off magenta foreground in red background[0m
[29m[41m[36mcrossed out off cyan foreground in red background[0m
[29m[41m[37mcrossed out off white foreground in red background[0m
[29m[41m[90mcrossed out off bright black foreground in red background[0m
[29m[41m[91mcrossed out off bright red foreground in red background[0m
[29m[41m[92mcrossed out off bright green foreground in red background[0m
[29m[41m[93mcrossed out off bright yellow foreground in red background[0m
[29m[41m[94mcrossed out off bright blue foreground in red background[0m
[29m[41m[95mcrossed out off bright magenta foreground in red background[0m
[29m[41m[96mcrossed out off bright cyan foreground in red background[0m
[29m[41m[97mcrossed out off bright white foreground in red background[0m
[29m[42m[30mcrossed out off black foreground in green background[0m
[29m[42m[31mcrossed out off red foreground in green background[0m
[29m[42m[32mcrossed out off green foreground in green background[0m
[29m[42m[33mcrossed out off yellow foreground in green background[0m
[29m[42m[34mcrossed out off blue foreground in green background[0m
[29m[42m[35mcrossed out off magenta foreground in green background[0m
[29m[42m[36mcrossed out off cyan foreground in green background[0m
[29m[42m[37mcrossed out off white foreground in green background[0m
[29m[42m[90mcrossed out off bright black foreground in green background[0m
[29m[42m[91mcrossed out off bright red foreground in green background[0m
[29m[42m[92mcrossed out off bright green foreground in green background[0m
[29m[42m[93mcrossed out off bright yellow foreground in green background[0m
[29m[42m[94mcrossed out off bright blue foreground in green background[0m
[29m[42m[95mcrossed out off bright magenta foreground in green background[0m
[29m[42m[96mcrossed out off bright cyan foreground in green background[0m
[29m[42m[97mcrossed out off bright white foreground in green background[0m
[29m[43m[30mcrossed out off black foreground in yellow background[0m
[29m[43m[31mcrossed out off red foreground in yellow background[0m
[29m[43m[32mcrossed out off green foreground in yellow background[0m
[29m[43m[33mcrossed out off yellow foreground in yellow background[0m
[29m[43m[34mcrossed out off blue foreground in yellow background[0m
[29m[43m[35mcrossed out off magenta foreground in yellow background[0m
[29m[43m[36mcrossed out off cyan foreground in yellow background[0m
[29m[43m[37mcrossed out off white foreground in yellow background[0m
[29m[43m[90mcrossed out off bright black foreground in yellow background[0m
[29m[43m[91mcrossed out off bright red foreground in yellow background[0m
[29m[43m[92mcrossed out off bright green foreground in yellow background[0m
[29m[43m[93mcrossed out off bright yellow foreground in yellow background[0m
[29m[43m[94mcrossed out off bright blue foreground in yellow background[0m
[29m[43m[95mcrossed out off bright magenta foreground in yellow background[0m
[29m[43m[96mcrossed out off bright cyan foreground in yellow background[0m
[29m[43m[97mcrossed out off bright white foreground in yellow background[0m
[29m[44m[30mcrossed out off black foreground in blue background[0m
[29m[44m[31mcrossed out off red foreground in blue background[0m
[29m[44m[32mcrossed out off green foreground in blue background[0m
[29m[44m[33mcrossed out off yellow foreground in blue background[0m
[29m[44m[34mcrossed out off blue foreground in blue background[0m
[29m[44m[35mcrossed out off magenta foreground in blue background[0m
[29m[44m[36mcrossed out off cyan foreground in blue background[0m
[29m[44m[37mcrossed out off white foreground in blue background[0m
[29m[44m[90mcrossed out off bright black foreground in blue background[0m
[29m[44m[91mcrossed out off bright red foreground in blue background[0m
[29m[44m[92mcrossed out off bright green foreground in blue background[0m
[29m[44m[93mcrossed out off bright yellow foreground in blue background[0m
[29m[44m[94mcrossed out off bright blue foreground in blue background[0m
[29m[44m[95mcrossed out off bright magenta foreground in blue background[0m
[29m[44m[96mcrossed out off bright cyan foreground in blue background[0m
[29m[44m[97mcrossed out off bright white foreground in blue background[0m
[29m[45m[30mcrossed out off black foreground in magenta background[0m
[29m[45m[31mcrossed out off red foreground in magenta background[0m
[29m[45m[32mcrossed out off green foreground in magenta background[0m
[29m[45m[33mcrossed out off yellow foreground in magenta background[0m
[29m[45m[34mcrossed out off blue foreground in magenta background[0m
[29m[45m[35mcrossed out off magenta foreground in magenta background[0m
[29m[45m[36mcrossed out off cyan foreground in magenta background[0m
[29m[45m[37mcrossed out off white foreground in magenta background[0m
[29m[45m[90mcrossed out off bright black foreground in magenta background[0m
[29m[45m[91mcrossed out off bright red foreground in magenta background[0m
[29m[45m[92mcrossed out off bright green foreground in magenta background[0m
[29m[45m[93mcrossed out off bright yellow foreground in magenta background[0m
[29m[45m[94mcrossed out off bright blue foreground in magenta background[0m
[29m[45m[95mcrossed out off bright magenta foreground in magenta background[0m
[29m[45m[96mcrossed out off bright cyan foreground in magenta background[0m
[29m[45m[97mcrossed out off bright white foreground in magenta background[0m
[29m[46m[30mcrossed out off black foreground in cyan background[0m
[29m[46m[31mcrossed out off red foreground in cyan background[0m
[29m[46m[32mcrossed out off green foreground in cyan background[0m
[29m[46m[33mcrossed out off yellow foreground in cyan background[0m
[29m[46m[34mcrossed out off blue foreground in cyan background[0m
[29m[46m[35mcrossed out off magenta foreground in cyan background[0m
[29m[46m[36mcrossed out off cyan foreground in cyan background[0m
[29m[46m[37mcrossed out off white foreground in cyan background[0m
[29m[46m[90mcrossed out off bright black foreground in cyan background[0m
[29m[46m[91mcrossed out off bright red foreground in cyan background[0m
[29m[46m[92mcrossed out off bright green foreground in cyan background[0m
[29m[46m[93mcrossed out off bright yellow foreground in cyan background[0m
[29m[46m[94mcrossed out off bright blue foreground in cyan background[0m
[29m[46m[95mcrossed out off bright magenta foreground in cyan background[0m
[29m[46m[96mcrossed out off bright cyan foreground in cyan background[0m
[29m[46m[97mcrossed out off bright white foreground in cyan background[0m
[29m[47m[30mcrossed out off black foreground in white background[0m
[29m[47m[31mcrossed out off red foreground in white background[0m
[29m[47m[32mcrossed out off green foreground in white background[0m
[29m[47m[33mcrossed out off yellow foreground in white background[0m
[29m[47m[34mcrossed out off blue foreground in white background[0m
[29m[47m[35mcrossed out off magenta foreground in white background[0m
[29m[47m[36mcrossed out off cyan foreground in white background[0m
[29m[47m[37mcrossed out off white foreground in white background[0m
[29m[47m[90mcrossed out off bright black foreground in white background[0m
[29m[47m[91mcrossed out off bright red foreground in white background[0m
[29m[47m[92mcrossed out off bright green foreground in white background[0m
[29m[47m[93mcrossed out off bright yellow foreground in white background[0m
[29m[47m[94mcrossed out off bright blue foreground in white background[0m
[29m[47m[95mcrossed out off bright magenta foreground in white background[0m
[29m[47m[96mcrossed out off bright cyan foreground in white background[0m
[29m[47m[97mcrossed out off bright white foreground in white background[0m
[29m[100m[30mcrossed out off black foreground in bright black background[0m
[29m[100m[31mcrossed out off red foreground in bright black background[0m
[29m[100m[32mcrossed out off green foreground in bright black background[0m
[29m[100m[33mcrossed out off yellow foreground in bright black background[0m
[29m[100m[34mcrossed out off blue foreground in bright black background[0m
[29m[100m[35mcrossed out off magenta foreground in bright black background[0m
[29m[100m[36mcrossed out off cyan foreground in bright black background[0m
[29m[100m[37mcrossed out off white foreground in bright black background[0m
[29m[100m[90mcrossed out off bright black foreground in bright black background[0m
[29m[100m[91mcrossed out off bright red foreground in bright black background[0m
[29m[100m[92mcrossed out off bright green foreground in bright black background[0m
[29m[100m[93mcrossed out off bright yellow foreground in bright black background[0m
[29m[100m[94mcrossed out off bright blue foreground in bright black background[0m
[29m[100m[95mcrossed out off bright magenta foreground in bright black background[0m
[29m[100m[96mcrossed out off bright cyan foreground in bright black background[0m
[29m[100m[97mcrossed out off bright white foreground in bright black background[0m
[29m[101m[30mcrossed out off black foreground in bright red background[0m
[29m[101m[31mcrossed out off red foreground in bright red background[0m
[29m[101m[32mcrossed out off green foreground in bright red background[0m
[29m[101m[33mcrossed out off yellow foreground in bright red background[0m
[29m[101m[34mcrossed out off blue foreground in bright red background[0m
[29m[101m[35mcrossed out off magenta foreground in bright red background[0m
[29m[101m[36mcrossed out off cyan foreground in bright red background[0m
[29m[101m[37mcrossed out off white foreground in bright red background[0m
[29m[101m[90mcrossed out off bright black foreground in bright red background[0m
[29m[101m[91mcrossed out off bright red foreground in bright red background[0m
[29m[101m[92mcrossed out off bright green foreground in bright red background[0m
[29m[101m[93mcrossed out off bright yellow foreground in bright red background[0m
[29m[101m[94mcrossed out off bright blue foreground in bright red background[0m
[29m[101m[95mcrossed out off bright magenta foreground in bright red background[0m
[29m[101m[96mcrossed out off bright cyan foreground in bright red background[0m
[29m[101m[97mcrossed out off bright white foreground in bright red background[0m
[29m[102m[30mcrossed out off black foreground in bright green background[0m
[29m[102m[31mcrossed out off red foreground in bright green background[0m
[29m[102m[32mcrossed out off green foreground in bright green background[0m
[29m[102m[33mcrossed out off yellow foreground in bright green background[0m
[29m[102m[34mcrossed out off blue foreground in bright green background[0m
[29m[102m[35mcrossed out off magenta foreground in bright green background[0m
[29m[102m[36mcrossed out off cyan foreground in bright green background[0m
[29m[102m[37mcrossed out off white foreground in bright green background[0m
[29m[102m[90mcrossed out off bright black foreground in bright green background[0m
[29m[102m[91mcrossed out off bright red foreground in bright green background[0m
[29m[102m[92mcrossed out off bright green foreground in bright green background[0m
[29m[102m[93mcrossed out off bright yellow foreground in bright green background[0m
[29m[102m[94mcrossed out off bright blue foreground in bright green background[0m
[29m[102m[95mcrossed out off bright magenta foreground in bright green background[0m
[29m[102m[96mcrossed out off bright cyan foreground in bright green background[0m
[29m[102m[97mcrossed out off bright white foreground in bright green background[0m
[29m[103m[30mcrossed out off black foreground in bright yellow background[0m
[29m[103m[31mcrossed out off red foreground in bright yellow background[0m
[29m[103m[32mcrossed out off green foreground in bright yellow background[0m
[29m[103m[33mcrossed out off yellow foreground in bright yellow background[0m
[29m[103m[34mcrossed out off blue foreground in bright yellow background[0m
[29m[103m[35mcrossed out off magenta foreground in bright yellow background[0m
[29m[103m[36mcrossed out off cyan foreground in bright yellow background[0m
[29m[103m[37mcrossed out off white foreground in bright yellow background[0m
[29m[103m[90mcrossed out off bright black foreground in bright yellow background[0m
[29m[103m[91mcrossed out off bright red foreground in bright yellow background[0m
[29m[103m[92mcrossed out off bright green foreground in bright yellow background[0m
[29m[103m[93mcrossed out off bright yellow foreground in bright yellow background[0m
[29m[103m[94mcrossed out off bright blue foreground in bright yellow background[0m
[29m[103m[95mcrossed out off bright magenta foreground in bright yellow background[0m
[29m[103m[96mcrossed out off bright cyan foreground in bright yellow background[0m
[29m[103m[97mcrossed out off bright white foreground in bright yellow background[0m
[29m[104m[30mcrossed out off black foreground in bright blue background[0m
[29m[104m[31mcrossed out off red foreground in bright blue background[0m
[29m[104m[32mcrossed out off green foreground in bright blue background[0m
[29m[104m[33mcrossed out off yellow foreground in bright blue background[0m
[29m[104m[34mcrossed out off blue foreground in bright blue background[0m
[29m[104m[35mcrossed out off magenta foreground in bright blue background[0m
[29m[104m[36mcrossed out off cyan foreground in bright blue background[0m
[29m[104m[37mcrossed out off white foreground in bright blue background[0m
[29m[104m[90mcrossed out off bright black foreground in bright blue background[0m
[29m[104m[91mcrossed out off bright red foreground in bright blue background[0m
[29m[104m[92mcrossed out off bright green foreground in bright blue background[0m
[29m[104m[93mcrossed out off bright yellow foreground in bright blue background[0m
[29m[104m[94mcrossed out off bright blue foreground in bright blue background[0m
[29m[104m[95mcrossed out off bright magenta foreground in bright blue background[0m
[29m[104m[96mcrossed out off bright cyan foreground in bright blue background[0m
[29m[104m[97mcrossed out off bright white foreground in bright blue background[0m
[29m[105m[30mcrossed out off black foreground in bright magenta background[0m
[29m[105m[31mcrossed out off red foreground in bright magenta background[0m
[29m[105m[32mcrossed out off green foreground in bright magenta background[0m
[29m[105m[33mcrossed out off yellow foreground in bright magenta background[0m
[29m[105m[34mcrossed out off blue foreground in bright magenta background[0m
[29m[105m[35mcrossed out off magenta foreground in bright magenta background[0m
[29m[105m[36mcrossed out off cyan foreground in bright magenta background[0m
[29m[105m[37mcrossed out off white foreground in bright magenta background[0m
[29m[105m[90mcrossed out off bright black foreground in bright magenta background[0m
[29m[105m[91mcrossed out off bright red foreground in bright magenta background[0m
[29m[105m[92mcrossed out off bright green foreground in bright magenta background[0m
[29m[105m[93mcrossed out off bright yellow foreground in bright magenta background[0m
[29m[105m[94mcrossed out off bright blue foreground in bright magenta background[0m
[29m[105m[95mcrossed out off bright magenta foreground in bright magenta background[0m
[29m[105m[96mcrossed out off bright cyan foreground in bright magenta background[0m
[29m[105m[97mcrossed out off bright white foreground in bright magenta background[0m
[29m[106m[30mcrossed out off black foreground in bright cyan background[0m
[29m[106m[31mcrossed out off red foreground in bright cyan background[0m
[29m[106m[32mcrossed out off green foreground in bright cyan background[0m
[29m[106m[33mcrossed out off yellow foreground in bright cyan background[0m
[29m[106m[34mcrossed out off blue foreground in bright cyan background[0m
[29m[106m[35mcrossed out off magenta foreground in bright cyan background[0m
[29m[106m[36mcrossed out off cyan foreground in bright cyan background[0m
[29m[106m[37mcrossed out off white foreground in bright cyan background[0m
[29m[106m[90mcrossed out off bright black foreground in bright cyan background[0m
[29m[106m[91mcrossed out off bright red foreground in bright cyan background[0m
[29m[106m[92mcrossed out off bright green foreground in bright cyan background[0m
[29m[106m[93mcrossed out off bright yellow foreground in bright cyan background[0m
[29m[106m[94mcrossed out off bright blue foreground in bright cyan background[0m
[29m[106m[95mcrossed out off bright magenta foreground in bright cyan background[0m
[29m[106m[96mcrossed out off bright cyan foreground in bright cyan background[0m
[29m[106m[97mcrossed out off bright white foreground in bright cyan background[0m
[29m[107m[30mcrossed out off black foreground in bright white background[0m
[29m[107m[31mcrossed out off red foreground in bright white background[0m
[29m[107m[32mcrossed out off green foreground in bright white background[0m
[29m[107m[33mcrossed out off yellow foreground in bright white background[0m
[29m[107m[34mcrossed out off blue foreground in bright white background[0m
[29m[107m[35mcrossed out off magenta foreground in bright white background[0m
[29m[107m[36mcrossed out off cyan foreground in bright white background[0m
[29m[107m[37mcrossed out off white foreground in bright white background[0m
[29m[107m[90mcrossed out off bright black foreground in bright white background[0m
[29m[107m[91mcrossed out off bright red foreground in bright white background[0m
[29m[107m[92mcrossed out off bright green foreground in bright white background[0m
[29m[107m[93mcrossed out off bright yellow foreground in bright white background[0m
[29m[107m[94mcrossed out off bright blue foreground in bright white background[0m
[29m[107m[95mcrossed out off bright magenta foreground in bright white background[0m
[29m[107m[96mcrossed out off bright cyan foreground in bright white background[0m
[29m[107m[97mcrossed out off bright white foreground in bright white background[0m
[       OK ] ansi_text_attribute_test.terminal_interprets_ansi_formatting_characters (19 ms)
[----------] 1 test from ansi_text_attribute_test (19 ms total)

[----------] Global test environment tear-down
[==========] 1 test from 1 test suite ran. (19 ms total)
[  PASSED  ] 1 test.
<end of output>
Test time =   0.02 sec
----------------------------------------------------------
Test Passed.
"ansi_text_attribute_test" end time: Feb 07 17:21 CET
"ansi_text_attribute_test" time elapsed: 00:00:00
----------------------------------------------------------

End testing: Feb 07 17:21 CET
